MLModel created: 1883392 params (~0.00 B)
Corpus: 327514 bytes from 'data/train.txt'
Config: SMALL (~7M)
Parameters: 1883392 (0.00 B)

Resumed from 'large_checkpoint_small.bin'
Windows/epoch: 639  (seq_len=512)
Training for 10 epoch(s)…

  epoch  0  step    100/   639  loss=27.2307  ppl=670115411049.48  2.0s
  epoch  0  step    200/   639  loss=27.2309  ppl=670259965520.38  4.0s
  epoch  0  step    300/   639  loss=27.2276  ppl=667998958992.51  6.1s
  epoch  0  step    400/   639  loss=27.2295  ppl=669320960039.96  8.1s
  epoch  0  step    500/   639  loss=27.2383  ppl=675222321273.54  10.1s
  epoch  0  step    600/   639  loss=27.2544  ppl=686204087675.26  12.1s
Epoch  0  loss=27.2237  ppl=665423726137.87  (12.9 s)
  → checkpoint saved: 'large_checkpoint_small.bin'
  epoch  1  step    100/   639  loss=27.2307  ppl=670115411049.48  2.0s
  epoch  1  step    200/   639  loss=27.2309  ppl=670259965520.38  4.0s
  epoch  1  step    300/   639  loss=27.2276  ppl=667998958992.51  6.1s
  epoch  1  step    400/   639  loss=27.2295  ppl=669320960039.96  8.1s
  epoch  1  step    500/   639  loss=27.2383  ppl=675222321273.54  10.1s
  epoch  1  step    600/   639  loss=27.2544  ppl=686204087675.26  12.1s
Epoch  1  loss=27.2237  ppl=665423726137.87  (12.9 s)
  → checkpoint saved: 'large_checkpoint_small.bin'
  epoch  2  step    100/   639  loss=27.2307  ppl=670115411049.48  2.0s
  epoch  2  step    200/   639  loss=27.2309  ppl=670259965520.38  4.1s
  epoch  2  step    300/   639  loss=27.2276  ppl=667998958992.51  6.1s
  epoch  2  step    400/   639  loss=27.2295  ppl=669320960039.96  8.1s
  epoch  2  step    500/   639  loss=27.2383  ppl=675222321273.54  10.2s
  epoch  2  step    600/   639  loss=27.2544  ppl=686204087675.26  12.2s
Epoch  2  loss=27.2237  ppl=665423726137.87  (13.0 s)
  → checkpoint saved: 'large_checkpoint_small.bin'
  epoch  3  step    100/   639  loss=27.2307  ppl=670115411049.48  2.1s
  epoch  3  step    200/   639  loss=27.2309  ppl=670259965520.38  4.1s
  epoch  3  step    300/   639  loss=27.2276  ppl=667998958992.51  6.1s
  epoch  3  step    400/   639  loss=27.2295  ppl=669320960039.96  8.2s
  epoch  3  step    500/   639  loss=27.2383  ppl=675222321273.54  10.1s
  epoch  3  step    600/   639  loss=27.2544  ppl=686204087675.26  12.2s
Epoch  3  loss=27.2237  ppl=665423726137.87  (13.0 s)
  → checkpoint saved: 'large_checkpoint_small.bin'
  epoch  4  step    100/   639  loss=27.2307  ppl=670115411049.48  2.0s
  epoch  4  step    200/   639  loss=27.2309  ppl=670259965520.38  4.0s
  epoch  4  step    300/   639  loss=27.2276  ppl=667998958992.51  6.1s
  epoch  4  step    400/   639  loss=27.2295  ppl=669320960039.96  8.1s
  epoch  4  step    500/   639  loss=27.2383  ppl=675222321273.54  10.1s
  epoch  4  step    600/   639  loss=27.2544  ppl=686204087675.26  12.2s
Epoch  4  loss=27.2237  ppl=665423726137.87  (13.0 s)
  → checkpoint saved: 'large_checkpoint_small.bin'
  epoch  5  step    100/   639  loss=27.2307  ppl=670115411049.48  2.0s
  epoch  5  step    200/   639  loss=27.2309  ppl=670259965520.38  4.1s
  epoch  5  step    300/   639  loss=27.2276  ppl=667998958992.51  6.1s
  epoch  5  step    400/   639  loss=27.2295  ppl=669320960039.96  8.1s
  epoch  5  step    500/   639  loss=27.2383  ppl=675222321273.54  10.1s
  epoch  5  step    600/   639  loss=27.2544  ppl=686204087675.26  12.2s
Epoch  5  loss=27.2237  ppl=665423726137.87  (13.0 s)
  → checkpoint saved: 'large_checkpoint_small.bin'
  epoch  6  step    100/   639  loss=27.2307  ppl=670115411049.48  2.1s
  epoch  6  step    200/   639  loss=27.2309  ppl=670259965520.38  4.1s
  epoch  6  step    300/   639  loss=27.2276  ppl=667998958992.51  6.1s
  epoch  6  step    400/   639  loss=27.2295  ppl=669320960039.96  8.1s
  epoch  6  step    500/   639  loss=27.2383  ppl=675222321273.54  10.1s
  epoch  6  step    600/   639  loss=27.2544  ppl=686204087675.26  12.2s
Epoch  6  loss=27.2237  ppl=665423726137.87  (12.9 s)
  → checkpoint saved: 'large_checkpoint_small.bin'
  epoch  7  step    100/   639  loss=27.2307  ppl=670115411049.48  2.0s
  epoch  7  step    200/   639  loss=27.2309  ppl=670259965520.38  4.0s
  epoch  7  step    300/   639  loss=27.2276  ppl=667998958992.51  6.1s
  epoch  7  step    400/   639  loss=27.2295  ppl=669320960039.96  8.0s
  epoch  7  step    500/   639  loss=27.2383  ppl=675222321273.54  10.0s
  epoch  7  step    600/   639  loss=27.2544  ppl=686204087675.26  12.0s
Epoch  7  loss=27.2237  ppl=665423726137.87  (12.8 s)
  → checkpoint saved: 'large_checkpoint_small.bin'
  epoch  8  step    100/   639  loss=27.2307  ppl=670115411049.48  2.1s
  epoch  8  step    200/   639  loss=27.2309  ppl=670259965520.38  4.1s
  epoch  8  step    300/   639  loss=27.2276  ppl=667998958992.51  6.2s
  epoch  8  step    400/   639  loss=27.2295  ppl=669320960039.96  8.2s
  epoch  8  step    500/   639  loss=27.2383  ppl=675222321273.54  10.2s
  epoch  8  step    600/   639  loss=27.2544  ppl=686204087675.26  12.2s
Epoch  8  loss=27.2237  ppl=665423726137.87  (13.0 s)
  → checkpoint saved: 'large_checkpoint_small.bin'
  epoch  9  step    100/   639  loss=27.2307  ppl=670115411049.48  2.0s
  epoch  9  step    200/   639  loss=27.2309  ppl=670259965520.38  4.0s
  epoch  9  step    300/   639  loss=27.2276  ppl=667998958992.51  6.1s
  epoch  9  step    400/   639  loss=27.2295  ppl=669320960039.96  8.1s
  epoch  9  step    500/   639  loss=27.2383  ppl=675222321273.54  10.1s
  epoch  9  step    600/   639  loss=27.2544  ppl=686204087675.26  12.1s
Epoch  9  loss=27.2237  ppl=665423726137.87  (12.9 s)
  → checkpoint saved: 'large_checkpoint_small.bin'

Training done.  Model: 'large_checkpoint_small.bin'

=== Generation sample ===
You> Hello!
Bot> ??OM?LE!:???)p????n^?????7b?vQ`

